[06-Jan-2025 07:29:11 UTC] PHP Warning:  Attempt to read property "term_id" on array in D:\localsites\aymericbdev\app\public\wp-content\themes\twentytwentyone-child\front-page.php on line 26
[06-Jan-2025 07:29:11 UTC] PHP Warning:  Attempt to read property "name" on array in D:\localsites\aymericbdev\app\public\wp-content\themes\twentytwentyone-child\front-page.php on line 26
[06-Jan-2025 07:29:11 UTC] PHP Warning:  Attempt to read property "term_id" on array in D:\localsites\aymericbdev\app\public\wp-content\themes\twentytwentyone-child\front-page.php on line 26
[06-Jan-2025 07:29:11 UTC] PHP Warning:  Attempt to read property "name" on array in D:\localsites\aymericbdev\app\public\wp-content\themes\twentytwentyone-child\front-page.php on line 26
[06-Jan-2025 07:29:11 UTC] PHP Warning:  Attempt to read property "term_id" on array in D:\localsites\aymericbdev\app\public\wp-content\themes\twentytwentyone-child\front-page.php on line 39
[06-Jan-2025 07:29:11 UTC] PHP Warning:  Attempt to read property "name" on array in D:\localsites\aymericbdev\app\public\wp-content\themes\twentytwentyone-child\front-page.php on line 39
[06-Jan-2025 07:29:11 UTC] PHP Warning:  Attempt to read property "term_id" on array in D:\localsites\aymericbdev\app\public\wp-content\themes\twentytwentyone-child\front-page.php on line 39
[06-Jan-2025 07:29:11 UTC] PHP Warning:  Attempt to read property "name" on array in D:\localsites\aymericbdev\app\public\wp-content\themes\twentytwentyone-child\front-page.php on line 39
[07-Jan-2025 08:11:25 UTC] PHP Warning:  Attempt to read property "term_id" on array in D:\localsites\aymericbdev\app\public\wp-content\themes\twentytwentyone-child\front-page.php on line 26
[07-Jan-2025 08:11:25 UTC] PHP Warning:  Attempt to read property "name" on array in D:\localsites\aymericbdev\app\public\wp-content\themes\twentytwentyone-child\front-page.php on line 26
[07-Jan-2025 08:11:25 UTC] PHP Warning:  Attempt to read property "term_id" on array in D:\localsites\aymericbdev\app\public\wp-content\themes\twentytwentyone-child\front-page.php on line 26
[07-Jan-2025 08:11:25 UTC] PHP Warning:  Attempt to read property "name" on array in D:\localsites\aymericbdev\app\public\wp-content\themes\twentytwentyone-child\front-page.php on line 26
[07-Jan-2025 08:11:25 UTC] PHP Warning:  Attempt to read property "term_id" on array in D:\localsites\aymericbdev\app\public\wp-content\themes\twentytwentyone-child\front-page.php on line 39
[07-Jan-2025 08:11:25 UTC] PHP Warning:  Attempt to read property "name" on array in D:\localsites\aymericbdev\app\public\wp-content\themes\twentytwentyone-child\front-page.php on line 39
[07-Jan-2025 08:11:25 UTC] PHP Warning:  Attempt to read property "term_id" on array in D:\localsites\aymericbdev\app\public\wp-content\themes\twentytwentyone-child\front-page.php on line 39
[07-Jan-2025 08:11:25 UTC] PHP Warning:  Attempt to read property "name" on array in D:\localsites\aymericbdev\app\public\wp-content\themes\twentytwentyone-child\front-page.php on line 39
[07-Jan-2025 08:20:50 UTC] PHP Warning:  Attempt to read property "term_id" on array in D:\localsites\aymericbdev\app\public\wp-content\themes\twentytwentyone-child\front-page.php on line 26
[07-Jan-2025 08:20:50 UTC] PHP Warning:  Attempt to read property "name" on array in D:\localsites\aymericbdev\app\public\wp-content\themes\twentytwentyone-child\front-page.php on line 26
[07-Jan-2025 08:20:50 UTC] PHP Warning:  Attempt to read property "term_id" on array in D:\localsites\aymericbdev\app\public\wp-content\themes\twentytwentyone-child\front-page.php on line 26
[07-Jan-2025 08:20:50 UTC] PHP Warning:  Attempt to read property "name" on array in D:\localsites\aymericbdev\app\public\wp-content\themes\twentytwentyone-child\front-page.php on line 26
[07-Jan-2025 08:20:50 UTC] PHP Warning:  Attempt to read property "term_id" on array in D:\localsites\aymericbdev\app\public\wp-content\themes\twentytwentyone-child\front-page.php on line 39
[07-Jan-2025 08:20:50 UTC] PHP Warning:  Attempt to read property "name" on array in D:\localsites\aymericbdev\app\public\wp-content\themes\twentytwentyone-child\front-page.php on line 39
[07-Jan-2025 08:20:50 UTC] PHP Warning:  Attempt to read property "term_id" on array in D:\localsites\aymericbdev\app\public\wp-content\themes\twentytwentyone-child\front-page.php on line 39
[07-Jan-2025 08:20:50 UTC] PHP Warning:  Attempt to read property "name" on array in D:\localsites\aymericbdev\app\public\wp-content\themes\twentytwentyone-child\front-page.php on line 39
[07-Jan-2025 08:34:41 UTC] PHP Warning:  Attempt to read property "term_id" on array in D:\localsites\aymericbdev\app\public\wp-content\themes\twentytwentyone-child\front-page.php on line 26
[07-Jan-2025 08:34:41 UTC] PHP Warning:  Attempt to read property "name" on array in D:\localsites\aymericbdev\app\public\wp-content\themes\twentytwentyone-child\front-page.php on line 26
[07-Jan-2025 08:34:41 UTC] PHP Warning:  Attempt to read property "term_id" on array in D:\localsites\aymericbdev\app\public\wp-content\themes\twentytwentyone-child\front-page.php on line 26
[07-Jan-2025 08:34:41 UTC] PHP Warning:  Attempt to read property "name" on array in D:\localsites\aymericbdev\app\public\wp-content\themes\twentytwentyone-child\front-page.php on line 26
[07-Jan-2025 08:34:41 UTC] PHP Warning:  Attempt to read property "term_id" on array in D:\localsites\aymericbdev\app\public\wp-content\themes\twentytwentyone-child\front-page.php on line 39
[07-Jan-2025 08:34:41 UTC] PHP Warning:  Attempt to read property "name" on array in D:\localsites\aymericbdev\app\public\wp-content\themes\twentytwentyone-child\front-page.php on line 39
[07-Jan-2025 08:34:41 UTC] PHP Warning:  Attempt to read property "term_id" on array in D:\localsites\aymericbdev\app\public\wp-content\themes\twentytwentyone-child\front-page.php on line 39
[07-Jan-2025 08:34:41 UTC] PHP Warning:  Attempt to read property "name" on array in D:\localsites\aymericbdev\app\public\wp-content\themes\twentytwentyone-child\front-page.php on line 39
[07-Jan-2025 08:35:39 UTC] PHP Warning:  Attempt to read property "term_id" on array in D:\localsites\aymericbdev\app\public\wp-content\themes\twentytwentyone-child\front-page.php on line 26
[07-Jan-2025 08:35:39 UTC] PHP Warning:  Attempt to read property "name" on array in D:\localsites\aymericbdev\app\public\wp-content\themes\twentytwentyone-child\front-page.php on line 26
[07-Jan-2025 08:35:39 UTC] PHP Warning:  Attempt to read property "term_id" on array in D:\localsites\aymericbdev\app\public\wp-content\themes\twentytwentyone-child\front-page.php on line 26
[07-Jan-2025 08:35:39 UTC] PHP Warning:  Attempt to read property "name" on array in D:\localsites\aymericbdev\app\public\wp-content\themes\twentytwentyone-child\front-page.php on line 26
[07-Jan-2025 08:35:39 UTC] PHP Warning:  Attempt to read property "term_id" on array in D:\localsites\aymericbdev\app\public\wp-content\themes\twentytwentyone-child\front-page.php on line 39
[07-Jan-2025 08:35:39 UTC] PHP Warning:  Attempt to read property "name" on array in D:\localsites\aymericbdev\app\public\wp-content\themes\twentytwentyone-child\front-page.php on line 39
[07-Jan-2025 08:35:39 UTC] PHP Warning:  Attempt to read property "term_id" on array in D:\localsites\aymericbdev\app\public\wp-content\themes\twentytwentyone-child\front-page.php on line 39
[07-Jan-2025 08:35:39 UTC] PHP Warning:  Attempt to read property "name" on array in D:\localsites\aymericbdev\app\public\wp-content\themes\twentytwentyone-child\front-page.php on line 39
[07-Jan-2025 11:31:47 UTC] PHP Warning:  Attempt to read property "term_id" on array in D:\localsites\aymericbdev\app\public\wp-content\themes\twentytwentyone-child\page-galerie.php on line 27
[07-Jan-2025 11:31:47 UTC] PHP Warning:  Attempt to read property "name" on array in D:\localsites\aymericbdev\app\public\wp-content\themes\twentytwentyone-child\page-galerie.php on line 27
[07-Jan-2025 11:31:47 UTC] PHP Warning:  Attempt to read property "term_id" on array in D:\localsites\aymericbdev\app\public\wp-content\themes\twentytwentyone-child\page-galerie.php on line 27
[07-Jan-2025 11:31:47 UTC] PHP Warning:  Attempt to read property "name" on array in D:\localsites\aymericbdev\app\public\wp-content\themes\twentytwentyone-child\page-galerie.php on line 27
[07-Jan-2025 11:31:47 UTC] PHP Warning:  Attempt to read property "term_id" on array in D:\localsites\aymericbdev\app\public\wp-content\themes\twentytwentyone-child\page-galerie.php on line 40
[07-Jan-2025 11:31:47 UTC] PHP Warning:  Attempt to read property "name" on array in D:\localsites\aymericbdev\app\public\wp-content\themes\twentytwentyone-child\page-galerie.php on line 40
[07-Jan-2025 11:31:47 UTC] PHP Warning:  Attempt to read property "term_id" on array in D:\localsites\aymericbdev\app\public\wp-content\themes\twentytwentyone-child\page-galerie.php on line 40
[07-Jan-2025 11:31:47 UTC] PHP Warning:  Attempt to read property "name" on array in D:\localsites\aymericbdev\app\public\wp-content\themes\twentytwentyone-child\page-galerie.php on line 40
[08-Jan-2025 09:39:46 UTC] PHP Warning:  Attempt to read property "term_id" on array in D:\localsites\aymericbdev\app\public\wp-content\themes\twentytwentyone-child\page-galerie.php on line 27
[08-Jan-2025 09:39:46 UTC] PHP Warning:  Attempt to read property "name" on array in D:\localsites\aymericbdev\app\public\wp-content\themes\twentytwentyone-child\page-galerie.php on line 27
[08-Jan-2025 09:39:46 UTC] PHP Warning:  Attempt to read property "term_id" on array in D:\localsites\aymericbdev\app\public\wp-content\themes\twentytwentyone-child\page-galerie.php on line 27
[08-Jan-2025 09:39:46 UTC] PHP Warning:  Attempt to read property "name" on array in D:\localsites\aymericbdev\app\public\wp-content\themes\twentytwentyone-child\page-galerie.php on line 27
[08-Jan-2025 09:39:46 UTC] PHP Warning:  Attempt to read property "term_id" on array in D:\localsites\aymericbdev\app\public\wp-content\themes\twentytwentyone-child\page-galerie.php on line 40
[08-Jan-2025 09:39:46 UTC] PHP Warning:  Attempt to read property "name" on array in D:\localsites\aymericbdev\app\public\wp-content\themes\twentytwentyone-child\page-galerie.php on line 40
[08-Jan-2025 09:39:46 UTC] PHP Warning:  Attempt to read property "term_id" on array in D:\localsites\aymericbdev\app\public\wp-content\themes\twentytwentyone-child\page-galerie.php on line 40
[08-Jan-2025 09:39:46 UTC] PHP Warning:  Attempt to read property "name" on array in D:\localsites\aymericbdev\app\public\wp-content\themes\twentytwentyone-child\page-galerie.php on line 40
[10-Jan-2025 09:07:45 UTC] PHP Warning:  include(D:\localsites\aymericbdev\app\public/wp-content/themes/twentytwentyone-child/template-parts/rotating-gears.php): Failed to open stream: No such file or directory in D:\localsites\aymericbdev\app\public\wp-content\themes\twentytwentyone-child\footer.php on line 61
[10-Jan-2025 09:07:45 UTC] PHP Warning:  include(): Failed opening 'D:\localsites\aymericbdev\app\public/wp-content/themes/twentytwentyone-child/template-parts/rotating-gears.php' for inclusion (include_path='.:/usr/share/php:/www/wp-content/pear') in D:\localsites\aymericbdev\app\public\wp-content\themes\twentytwentyone-child\footer.php on line 61
[10-Jan-2025 09:07:45 UTC] PHP Warning:  include(D:\localsites\aymericbdev\app\public/wp-content/themes/twentytwentyone-child/template-parts/rotating-gears.php): Failed to open stream: No such file or directory in D:\localsites\aymericbdev\app\public\wp-content\themes\twentytwentyone-child\footer.php on line 61
[10-Jan-2025 09:07:45 UTC] PHP Warning:  include(): Failed opening 'D:\localsites\aymericbdev\app\public/wp-content/themes/twentytwentyone-child/template-parts/rotating-gears.php' for inclusion (include_path='.:/usr/share/php:/www/wp-content/pear') in D:\localsites\aymericbdev\app\public\wp-content\themes\twentytwentyone-child\footer.php on line 61
[10-Jan-2025 09:10:58 UTC] PHP Warning:  include(D:\localsites\aymericbdev\app\public/wp-content/themes/twentytwentyone-child/template-parts/rotating-gears.php): Failed to open stream: No such file or directory in D:\localsites\aymericbdev\app\public\wp-content\themes\twentytwentyone-child\footer.php on line 64
[10-Jan-2025 09:10:58 UTC] PHP Warning:  include(): Failed opening 'D:\localsites\aymericbdev\app\public/wp-content/themes/twentytwentyone-child/template-parts/rotating-gears.php' for inclusion (include_path='.:/usr/share/php:/www/wp-content/pear') in D:\localsites\aymericbdev\app\public\wp-content\themes\twentytwentyone-child\footer.php on line 64
[10-Jan-2025 09:10:58 UTC] PHP Warning:  include(D:\localsites\aymericbdev\app\public/wp-content/themes/twentytwentyone-child/template-parts/rotating-gears.php): Failed to open stream: No such file or directory in D:\localsites\aymericbdev\app\public\wp-content\themes\twentytwentyone-child\footer.php on line 64
[10-Jan-2025 09:10:58 UTC] PHP Warning:  include(): Failed opening 'D:\localsites\aymericbdev\app\public/wp-content/themes/twentytwentyone-child/template-parts/rotating-gears.php' for inclusion (include_path='.:/usr/share/php:/www/wp-content/pear') in D:\localsites\aymericbdev\app\public\wp-content\themes\twentytwentyone-child\footer.php on line 64
[13-Jan-2025 05:36:50 UTC] PHP Warning:  Attempt to read property "term_id" on array in D:\localsites\aymericbdev\app\public\wp-content\themes\twentytwentyone-child\page-galerie.php on line 27
[13-Jan-2025 05:36:50 UTC] PHP Warning:  Attempt to read property "name" on array in D:\localsites\aymericbdev\app\public\wp-content\themes\twentytwentyone-child\page-galerie.php on line 27
[13-Jan-2025 05:36:50 UTC] PHP Warning:  Attempt to read property "term_id" on array in D:\localsites\aymericbdev\app\public\wp-content\themes\twentytwentyone-child\page-galerie.php on line 27
[13-Jan-2025 05:36:50 UTC] PHP Warning:  Attempt to read property "name" on array in D:\localsites\aymericbdev\app\public\wp-content\themes\twentytwentyone-child\page-galerie.php on line 27
[13-Jan-2025 05:36:50 UTC] PHP Warning:  Attempt to read property "term_id" on array in D:\localsites\aymericbdev\app\public\wp-content\themes\twentytwentyone-child\page-galerie.php on line 40
[13-Jan-2025 05:36:50 UTC] PHP Warning:  Attempt to read property "name" on array in D:\localsites\aymericbdev\app\public\wp-content\themes\twentytwentyone-child\page-galerie.php on line 40
[13-Jan-2025 05:36:50 UTC] PHP Warning:  Attempt to read property "term_id" on array in D:\localsites\aymericbdev\app\public\wp-content\themes\twentytwentyone-child\page-galerie.php on line 40
[13-Jan-2025 05:36:50 UTC] PHP Warning:  Attempt to read property "name" on array in D:\localsites\aymericbdev\app\public\wp-content\themes\twentytwentyone-child\page-galerie.php on line 40
[13-Jan-2025 05:37:08 UTC] PHP Warning:  Attempt to read property "term_id" on array in D:\localsites\aymericbdev\app\public\wp-content\themes\twentytwentyone-child\page-galerie.php on line 27
[13-Jan-2025 05:37:08 UTC] PHP Warning:  Attempt to read property "name" on array in D:\localsites\aymericbdev\app\public\wp-content\themes\twentytwentyone-child\page-galerie.php on line 27
[13-Jan-2025 05:37:08 UTC] PHP Warning:  Attempt to read property "term_id" on array in D:\localsites\aymericbdev\app\public\wp-content\themes\twentytwentyone-child\page-galerie.php on line 27
[13-Jan-2025 05:37:08 UTC] PHP Warning:  Attempt to read property "name" on array in D:\localsites\aymericbdev\app\public\wp-content\themes\twentytwentyone-child\page-galerie.php on line 27
[13-Jan-2025 05:37:08 UTC] PHP Warning:  Attempt to read property "term_id" on array in D:\localsites\aymericbdev\app\public\wp-content\themes\twentytwentyone-child\page-galerie.php on line 40
[13-Jan-2025 05:37:08 UTC] PHP Warning:  Attempt to read property "name" on array in D:\localsites\aymericbdev\app\public\wp-content\themes\twentytwentyone-child\page-galerie.php on line 40
[13-Jan-2025 05:37:08 UTC] PHP Warning:  Attempt to read property "term_id" on array in D:\localsites\aymericbdev\app\public\wp-content\themes\twentytwentyone-child\page-galerie.php on line 40
[13-Jan-2025 05:37:08 UTC] PHP Warning:  Attempt to read property "name" on array in D:\localsites\aymericbdev\app\public\wp-content\themes\twentytwentyone-child\page-galerie.php on line 40
[13-Jan-2025 05:38:38 UTC] PHP Warning:  Attempt to read property "term_id" on array in D:\localsites\aymericbdev\app\public\wp-content\themes\twentytwentyone-child\page-galerie.php on line 27
[13-Jan-2025 05:38:38 UTC] PHP Warning:  Attempt to read property "name" on array in D:\localsites\aymericbdev\app\public\wp-content\themes\twentytwentyone-child\page-galerie.php on line 27
[13-Jan-2025 05:38:38 UTC] PHP Warning:  Attempt to read property "term_id" on array in D:\localsites\aymericbdev\app\public\wp-content\themes\twentytwentyone-child\page-galerie.php on line 27
[13-Jan-2025 05:38:38 UTC] PHP Warning:  Attempt to read property "name" on array in D:\localsites\aymericbdev\app\public\wp-content\themes\twentytwentyone-child\page-galerie.php on line 27
[13-Jan-2025 05:38:38 UTC] PHP Warning:  Attempt to read property "term_id" on array in D:\localsites\aymericbdev\app\public\wp-content\themes\twentytwentyone-child\page-galerie.php on line 40
[13-Jan-2025 05:38:38 UTC] PHP Warning:  Attempt to read property "name" on array in D:\localsites\aymericbdev\app\public\wp-content\themes\twentytwentyone-child\page-galerie.php on line 40
[13-Jan-2025 05:38:38 UTC] PHP Warning:  Attempt to read property "term_id" on array in D:\localsites\aymericbdev\app\public\wp-content\themes\twentytwentyone-child\page-galerie.php on line 40
[13-Jan-2025 05:38:38 UTC] PHP Warning:  Attempt to read property "name" on array in D:\localsites\aymericbdev\app\public\wp-content\themes\twentytwentyone-child\page-galerie.php on line 40
[13-Jan-2025 05:39:50 UTC] PHP Warning:  Attempt to read property "term_id" on array in D:\localsites\aymericbdev\app\public\wp-content\themes\twentytwentyone-child\page-galerie.php on line 27
[13-Jan-2025 05:39:50 UTC] PHP Warning:  Attempt to read property "name" on array in D:\localsites\aymericbdev\app\public\wp-content\themes\twentytwentyone-child\page-galerie.php on line 27
[13-Jan-2025 05:39:50 UTC] PHP Warning:  Attempt to read property "term_id" on array in D:\localsites\aymericbdev\app\public\wp-content\themes\twentytwentyone-child\page-galerie.php on line 27
[13-Jan-2025 05:39:50 UTC] PHP Warning:  Attempt to read property "name" on array in D:\localsites\aymericbdev\app\public\wp-content\themes\twentytwentyone-child\page-galerie.php on line 27
[13-Jan-2025 05:39:50 UTC] PHP Warning:  Attempt to read property "term_id" on array in D:\localsites\aymericbdev\app\public\wp-content\themes\twentytwentyone-child\page-galerie.php on line 40
[13-Jan-2025 05:39:50 UTC] PHP Warning:  Attempt to read property "name" on array in D:\localsites\aymericbdev\app\public\wp-content\themes\twentytwentyone-child\page-galerie.php on line 40
[13-Jan-2025 05:39:50 UTC] PHP Warning:  Attempt to read property "term_id" on array in D:\localsites\aymericbdev\app\public\wp-content\themes\twentytwentyone-child\page-galerie.php on line 40
[13-Jan-2025 05:39:50 UTC] PHP Warning:  Attempt to read property "name" on array in D:\localsites\aymericbdev\app\public\wp-content\themes\twentytwentyone-child\page-galerie.php on line 40
[13-Jan-2025 09:36:54 UTC] PHP Warning:  Attempt to read property "term_id" on array in D:\localsites\aymericbdev\app\public\wp-content\themes\twentytwentyone-child\page-galerie.php on line 27
[13-Jan-2025 09:36:54 UTC] PHP Warning:  Attempt to read property "name" on array in D:\localsites\aymericbdev\app\public\wp-content\themes\twentytwentyone-child\page-galerie.php on line 27
[13-Jan-2025 09:36:54 UTC] PHP Warning:  Attempt to read property "term_id" on array in D:\localsites\aymericbdev\app\public\wp-content\themes\twentytwentyone-child\page-galerie.php on line 27
[13-Jan-2025 09:36:54 UTC] PHP Warning:  Attempt to read property "name" on array in D:\localsites\aymericbdev\app\public\wp-content\themes\twentytwentyone-child\page-galerie.php on line 27
[13-Jan-2025 09:36:54 UTC] PHP Warning:  Attempt to read property "term_id" on array in D:\localsites\aymericbdev\app\public\wp-content\themes\twentytwentyone-child\page-galerie.php on line 40
[13-Jan-2025 09:36:54 UTC] PHP Warning:  Attempt to read property "name" on array in D:\localsites\aymericbdev\app\public\wp-content\themes\twentytwentyone-child\page-galerie.php on line 40
[13-Jan-2025 09:36:54 UTC] PHP Warning:  Attempt to read property "term_id" on array in D:\localsites\aymericbdev\app\public\wp-content\themes\twentytwentyone-child\page-galerie.php on line 40
[13-Jan-2025 09:36:54 UTC] PHP Warning:  Attempt to read property "name" on array in D:\localsites\aymericbdev\app\public\wp-content\themes\twentytwentyone-child\page-galerie.php on line 40
[13-Jan-2025 11:51:36 UTC] PHP Warning:  Attempt to read property "term_id" on array in D:\localsites\aymericbdev\app\public\wp-content\themes\twentytwentyone-child\page-galerie.php on line 27
[13-Jan-2025 11:51:36 UTC] PHP Warning:  Attempt to read property "name" on array in D:\localsites\aymericbdev\app\public\wp-content\themes\twentytwentyone-child\page-galerie.php on line 27
[13-Jan-2025 11:51:36 UTC] PHP Warning:  Attempt to read property "term_id" on array in D:\localsites\aymericbdev\app\public\wp-content\themes\twentytwentyone-child\page-galerie.php on line 27
[13-Jan-2025 11:51:36 UTC] PHP Warning:  Attempt to read property "name" on array in D:\localsites\aymericbdev\app\public\wp-content\themes\twentytwentyone-child\page-galerie.php on line 27
[13-Jan-2025 11:51:36 UTC] PHP Warning:  Attempt to read property "term_id" on array in D:\localsites\aymericbdev\app\public\wp-content\themes\twentytwentyone-child\page-galerie.php on line 40
[13-Jan-2025 11:51:36 UTC] PHP Warning:  Attempt to read property "name" on array in D:\localsites\aymericbdev\app\public\wp-content\themes\twentytwentyone-child\page-galerie.php on line 40
[13-Jan-2025 11:51:36 UTC] PHP Warning:  Attempt to read property "term_id" on array in D:\localsites\aymericbdev\app\public\wp-content\themes\twentytwentyone-child\page-galerie.php on line 40
[13-Jan-2025 11:51:36 UTC] PHP Warning:  Attempt to read property "name" on array in D:\localsites\aymericbdev\app\public\wp-content\themes\twentytwentyone-child\page-galerie.php on line 40
[13-Jan-2025 11:54:38 UTC] PHP Warning:  Attempt to read property "term_id" on array in D:\localsites\aymericbdev\app\public\wp-content\themes\twentytwentyone-child\page-galerie.php on line 27
[13-Jan-2025 11:54:38 UTC] PHP Warning:  Attempt to read property "name" on array in D:\localsites\aymericbdev\app\public\wp-content\themes\twentytwentyone-child\page-galerie.php on line 27
[13-Jan-2025 11:54:38 UTC] PHP Warning:  Attempt to read property "term_id" on array in D:\localsites\aymericbdev\app\public\wp-content\themes\twentytwentyone-child\page-galerie.php on line 27
[13-Jan-2025 11:54:38 UTC] PHP Warning:  Attempt to read property "name" on array in D:\localsites\aymericbdev\app\public\wp-content\themes\twentytwentyone-child\page-galerie.php on line 27
[13-Jan-2025 11:54:38 UTC] PHP Warning:  Attempt to read property "term_id" on array in D:\localsites\aymericbdev\app\public\wp-content\themes\twentytwentyone-child\page-galerie.php on line 40
[13-Jan-2025 11:54:38 UTC] PHP Warning:  Attempt to read property "name" on array in D:\localsites\aymericbdev\app\public\wp-content\themes\twentytwentyone-child\page-galerie.php on line 40
[13-Jan-2025 11:54:38 UTC] PHP Warning:  Attempt to read property "term_id" on array in D:\localsites\aymericbdev\app\public\wp-content\themes\twentytwentyone-child\page-galerie.php on line 40
[13-Jan-2025 11:54:38 UTC] PHP Warning:  Attempt to read property "name" on array in D:\localsites\aymericbdev\app\public\wp-content\themes\twentytwentyone-child\page-galerie.php on line 40
[13-Jan-2025 11:55:37 UTC] PHP Warning:  Attempt to read property "term_id" on array in D:\localsites\aymericbdev\app\public\wp-content\themes\twentytwentyone-child\page-galerie.php on line 27
[13-Jan-2025 11:55:37 UTC] PHP Warning:  Attempt to read property "name" on array in D:\localsites\aymericbdev\app\public\wp-content\themes\twentytwentyone-child\page-galerie.php on line 27
[13-Jan-2025 11:55:37 UTC] PHP Warning:  Attempt to read property "term_id" on array in D:\localsites\aymericbdev\app\public\wp-content\themes\twentytwentyone-child\page-galerie.php on line 27
[13-Jan-2025 11:55:37 UTC] PHP Warning:  Attempt to read property "name" on array in D:\localsites\aymericbdev\app\public\wp-content\themes\twentytwentyone-child\page-galerie.php on line 27
[13-Jan-2025 11:55:37 UTC] PHP Warning:  Attempt to read property "term_id" on array in D:\localsites\aymericbdev\app\public\wp-content\themes\twentytwentyone-child\page-galerie.php on line 40
[13-Jan-2025 11:55:37 UTC] PHP Warning:  Attempt to read property "name" on array in D:\localsites\aymericbdev\app\public\wp-content\themes\twentytwentyone-child\page-galerie.php on line 40
[13-Jan-2025 11:55:37 UTC] PHP Warning:  Attempt to read property "term_id" on array in D:\localsites\aymericbdev\app\public\wp-content\themes\twentytwentyone-child\page-galerie.php on line 40
[13-Jan-2025 11:55:37 UTC] PHP Warning:  Attempt to read property "name" on array in D:\localsites\aymericbdev\app\public\wp-content\themes\twentytwentyone-child\page-galerie.php on line 40
[13-Jan-2025 11:56:49 UTC] PHP Warning:  Attempt to read property "term_id" on array in D:\localsites\aymericbdev\app\public\wp-content\themes\twentytwentyone-child\page-galerie.php on line 27
[13-Jan-2025 11:56:49 UTC] PHP Warning:  Attempt to read property "name" on array in D:\localsites\aymericbdev\app\public\wp-content\themes\twentytwentyone-child\page-galerie.php on line 27
[13-Jan-2025 11:56:49 UTC] PHP Warning:  Attempt to read property "term_id" on array in D:\localsites\aymericbdev\app\public\wp-content\themes\twentytwentyone-child\page-galerie.php on line 27
[13-Jan-2025 11:56:49 UTC] PHP Warning:  Attempt to read property "name" on array in D:\localsites\aymericbdev\app\public\wp-content\themes\twentytwentyone-child\page-galerie.php on line 27
[13-Jan-2025 11:56:49 UTC] PHP Warning:  Attempt to read property "term_id" on array in D:\localsites\aymericbdev\app\public\wp-content\themes\twentytwentyone-child\page-galerie.php on line 40
[13-Jan-2025 11:56:49 UTC] PHP Warning:  Attempt to read property "name" on array in D:\localsites\aymericbdev\app\public\wp-content\themes\twentytwentyone-child\page-galerie.php on line 40
[13-Jan-2025 11:56:49 UTC] PHP Warning:  Attempt to read property "term_id" on array in D:\localsites\aymericbdev\app\public\wp-content\themes\twentytwentyone-child\page-galerie.php on line 40
[13-Jan-2025 11:56:49 UTC] PHP Warning:  Attempt to read property "name" on array in D:\localsites\aymericbdev\app\public\wp-content\themes\twentytwentyone-child\page-galerie.php on line 40
[13-Jan-2025 12:22:42 UTC] PHP Warning:  Attempt to read property "term_id" on array in D:\localsites\aymericbdev\app\public\wp-content\themes\twentytwentyone-child\page-galerie.php on line 27
[13-Jan-2025 12:22:42 UTC] PHP Warning:  Attempt to read property "name" on array in D:\localsites\aymericbdev\app\public\wp-content\themes\twentytwentyone-child\page-galerie.php on line 27
[13-Jan-2025 12:22:42 UTC] PHP Warning:  Attempt to read property "term_id" on array in D:\localsites\aymericbdev\app\public\wp-content\themes\twentytwentyone-child\page-galerie.php on line 27
[13-Jan-2025 12:22:42 UTC] PHP Warning:  Attempt to read property "name" on array in D:\localsites\aymericbdev\app\public\wp-content\themes\twentytwentyone-child\page-galerie.php on line 27
[13-Jan-2025 12:22:42 UTC] PHP Warning:  Attempt to read property "term_id" on array in D:\localsites\aymericbdev\app\public\wp-content\themes\twentytwentyone-child\page-galerie.php on line 40
[13-Jan-2025 12:22:42 UTC] PHP Warning:  Attempt to read property "name" on array in D:\localsites\aymericbdev\app\public\wp-content\themes\twentytwentyone-child\page-galerie.php on line 40
[13-Jan-2025 12:22:42 UTC] PHP Warning:  Attempt to read property "term_id" on array in D:\localsites\aymericbdev\app\public\wp-content\themes\twentytwentyone-child\page-galerie.php on line 40
[13-Jan-2025 12:22:42 UTC] PHP Warning:  Attempt to read property "name" on array in D:\localsites\aymericbdev\app\public\wp-content\themes\twentytwentyone-child\page-galerie.php on line 40
[13-Jan-2025 12:22:54 UTC] PHP Warning:  Attempt to read property "term_id" on array in D:\localsites\aymericbdev\app\public\wp-content\themes\twentytwentyone-child\page-galerie.php on line 27
[13-Jan-2025 12:22:54 UTC] PHP Warning:  Attempt to read property "name" on array in D:\localsites\aymericbdev\app\public\wp-content\themes\twentytwentyone-child\page-galerie.php on line 27
[13-Jan-2025 12:22:54 UTC] PHP Warning:  Attempt to read property "term_id" on array in D:\localsites\aymericbdev\app\public\wp-content\themes\twentytwentyone-child\page-galerie.php on line 27
[13-Jan-2025 12:22:54 UTC] PHP Warning:  Attempt to read property "name" on array in D:\localsites\aymericbdev\app\public\wp-content\themes\twentytwentyone-child\page-galerie.php on line 27
[13-Jan-2025 12:22:54 UTC] PHP Warning:  Attempt to read property "term_id" on array in D:\localsites\aymericbdev\app\public\wp-content\themes\twentytwentyone-child\page-galerie.php on line 40
[13-Jan-2025 12:22:54 UTC] PHP Warning:  Attempt to read property "name" on array in D:\localsites\aymericbdev\app\public\wp-content\themes\twentytwentyone-child\page-galerie.php on line 40
[13-Jan-2025 12:22:54 UTC] PHP Warning:  Attempt to read property "term_id" on array in D:\localsites\aymericbdev\app\public\wp-content\themes\twentytwentyone-child\page-galerie.php on line 40
[13-Jan-2025 12:22:54 UTC] PHP Warning:  Attempt to read property "name" on array in D:\localsites\aymericbdev\app\public\wp-content\themes\twentytwentyone-child\page-galerie.php on line 40
[13-Jan-2025 12:23:49 UTC] PHP Warning:  Attempt to read property "term_id" on array in D:\localsites\aymericbdev\app\public\wp-content\themes\twentytwentyone-child\page-galerie.php on line 27
[13-Jan-2025 12:23:49 UTC] PHP Warning:  Attempt to read property "name" on array in D:\localsites\aymericbdev\app\public\wp-content\themes\twentytwentyone-child\page-galerie.php on line 27
[13-Jan-2025 12:23:49 UTC] PHP Warning:  Attempt to read property "term_id" on array in D:\localsites\aymericbdev\app\public\wp-content\themes\twentytwentyone-child\page-galerie.php on line 27
[13-Jan-2025 12:23:49 UTC] PHP Warning:  Attempt to read property "name" on array in D:\localsites\aymericbdev\app\public\wp-content\themes\twentytwentyone-child\page-galerie.php on line 27
[13-Jan-2025 12:23:49 UTC] PHP Warning:  Attempt to read property "term_id" on array in D:\localsites\aymericbdev\app\public\wp-content\themes\twentytwentyone-child\page-galerie.php on line 40
[13-Jan-2025 12:23:49 UTC] PHP Warning:  Attempt to read property "name" on array in D:\localsites\aymericbdev\app\public\wp-content\themes\twentytwentyone-child\page-galerie.php on line 40
[13-Jan-2025 12:23:49 UTC] PHP Warning:  Attempt to read property "term_id" on array in D:\localsites\aymericbdev\app\public\wp-content\themes\twentytwentyone-child\page-galerie.php on line 40
[13-Jan-2025 12:23:49 UTC] PHP Warning:  Attempt to read property "name" on array in D:\localsites\aymericbdev\app\public\wp-content\themes\twentytwentyone-child\page-galerie.php on line 40
[13-Jan-2025 12:23:49 UTC] PHP Warning:  Undefined variable $pimage_id in D:\localsites\aymericbdev\app\public\wp-content\themes\twentytwentyone-child\template_parts\photo_block.php on line 6
[13-Jan-2025 12:23:49 UTC] PHP Fatal error:  Uncaught Error: Cannot use object of type WP_Error as array in D:\localsites\aymericbdev\app\public\wp-content\themes\twentytwentyone-child\template_parts\photo_block.php:9
Stack trace:
#0 D:\localsites\aymericbdev\app\public\wp-includes\template.php(812): require()
#1 D:\localsites\aymericbdev\app\public\wp-includes\template.php(745): load_template('D:\\localsites\\a...', false, Array)
#2 D:\localsites\aymericbdev\app\public\wp-includes\general-template.php(206): locate_template(Array, true, false, Array)
#3 D:\localsites\aymericbdev\app\public\wp-content\themes\twentytwentyone-child\page-galerie.php(64): get_template_part('template_parts/...', '', Array)
#4 D:\localsites\aymericbdev\app\public\wp-includes\template-loader.php(106): include('D:\\localsites\\a...')
#5 D:\localsites\aymericbdev\app\public\wp-blog-header.php(19): require_once('D:\\localsites\\a...')
#6 D:\localsites\aymericbdev\app\public\index.php(17): require('D:\\localsites\\a...')
#7 {main}
  thrown in D:\localsites\aymericbdev\app\public\wp-content\themes\twentytwentyone-child\template_parts\photo_block.php on line 9
[13-Jan-2025 12:46:49 UTC] PHP Warning:  Attempt to read property "term_id" on array in D:\localsites\aymericbdev\app\public\wp-content\themes\twentytwentyone-child\page-galerie.php on line 27
[13-Jan-2025 12:46:49 UTC] PHP Warning:  Attempt to read property "name" on array in D:\localsites\aymericbdev\app\public\wp-content\themes\twentytwentyone-child\page-galerie.php on line 27
[13-Jan-2025 12:46:49 UTC] PHP Warning:  Attempt to read property "term_id" on array in D:\localsites\aymericbdev\app\public\wp-content\themes\twentytwentyone-child\page-galerie.php on line 27
[13-Jan-2025 12:46:49 UTC] PHP Warning:  Attempt to read property "name" on array in D:\localsites\aymericbdev\app\public\wp-content\themes\twentytwentyone-child\page-galerie.php on line 27
[13-Jan-2025 12:46:49 UTC] PHP Warning:  Attempt to read property "term_id" on array in D:\localsites\aymericbdev\app\public\wp-content\themes\twentytwentyone-child\page-galerie.php on line 40
[13-Jan-2025 12:46:49 UTC] PHP Warning:  Attempt to read property "name" on array in D:\localsites\aymericbdev\app\public\wp-content\themes\twentytwentyone-child\page-galerie.php on line 40
[13-Jan-2025 12:46:49 UTC] PHP Warning:  Attempt to read property "term_id" on array in D:\localsites\aymericbdev\app\public\wp-content\themes\twentytwentyone-child\page-galerie.php on line 40
[13-Jan-2025 12:46:49 UTC] PHP Warning:  Attempt to read property "name" on array in D:\localsites\aymericbdev\app\public\wp-content\themes\twentytwentyone-child\page-galerie.php on line 40
[13-Jan-2025 12:46:49 UTC] PHP Warning:  Undefined variable $pimage_id in D:\localsites\aymericbdev\app\public\wp-content\themes\twentytwentyone-child\template_parts\photo_block.php on line 6
[13-Jan-2025 12:46:49 UTC] PHP Fatal error:  Uncaught Error: Cannot use object of type WP_Error as array in D:\localsites\aymericbdev\app\public\wp-content\themes\twentytwentyone-child\template_parts\photo_block.php:9
Stack trace:
#0 D:\localsites\aymericbdev\app\public\wp-includes\template.php(812): require()
#1 D:\localsites\aymericbdev\app\public\wp-includes\template.php(745): load_template('D:\\localsites\\a...', false, Array)
#2 D:\localsites\aymericbdev\app\public\wp-includes\general-template.php(206): locate_template(Array, true, false, Array)
#3 D:\localsites\aymericbdev\app\public\wp-content\themes\twentytwentyone-child\page-galerie.php(64): get_template_part('template_parts/...', '', Array)
#4 D:\localsites\aymericbdev\app\public\wp-includes\template-loader.php(106): include('D:\\localsites\\a...')
#5 D:\localsites\aymericbdev\app\public\wp-blog-header.php(19): require_once('D:\\localsites\\a...')
#6 D:\localsites\aymericbdev\app\public\index.php(17): require('D:\\localsites\\a...')
#7 {main}
  thrown in D:\localsites\aymericbdev\app\public\wp-content\themes\twentytwentyone-child\template_parts\photo_block.php on line 9
[13-Jan-2025 12:49:38 UTC] PHP Warning:  Attempt to read property "term_id" on array in D:\localsites\aymericbdev\app\public\wp-content\themes\twentytwentyone-child\page-galerie.php on line 27
[13-Jan-2025 12:49:38 UTC] PHP Warning:  Attempt to read property "name" on array in D:\localsites\aymericbdev\app\public\wp-content\themes\twentytwentyone-child\page-galerie.php on line 27
[13-Jan-2025 12:49:38 UTC] PHP Warning:  Attempt to read property "term_id" on array in D:\localsites\aymericbdev\app\public\wp-content\themes\twentytwentyone-child\page-galerie.php on line 27
[13-Jan-2025 12:49:38 UTC] PHP Warning:  Attempt to read property "name" on array in D:\localsites\aymericbdev\app\public\wp-content\themes\twentytwentyone-child\page-galerie.php on line 27
[13-Jan-2025 12:49:38 UTC] PHP Warning:  Attempt to read property "term_id" on array in D:\localsites\aymericbdev\app\public\wp-content\themes\twentytwentyone-child\page-galerie.php on line 40
[13-Jan-2025 12:49:38 UTC] PHP Warning:  Attempt to read property "name" on array in D:\localsites\aymericbdev\app\public\wp-content\themes\twentytwentyone-child\page-galerie.php on line 40
[13-Jan-2025 12:49:38 UTC] PHP Warning:  Attempt to read property "term_id" on array in D:\localsites\aymericbdev\app\public\wp-content\themes\twentytwentyone-child\page-galerie.php on line 40
[13-Jan-2025 12:49:38 UTC] PHP Warning:  Attempt to read property "name" on array in D:\localsites\aymericbdev\app\public\wp-content\themes\twentytwentyone-child\page-galerie.php on line 40
[13-Jan-2025 12:49:38 UTC] PHP Warning:  Undefined variable $pimage_id in D:\localsites\aymericbdev\app\public\wp-content\themes\twentytwentyone-child\template_parts\photo_block.php on line 6
[13-Jan-2025 12:49:38 UTC] PHP Fatal error:  Uncaught Error: Cannot use object of type WP_Error as array in D:\localsites\aymericbdev\app\public\wp-content\themes\twentytwentyone-child\template_parts\photo_block.php:9
Stack trace:
#0 D:\localsites\aymericbdev\app\public\wp-includes\template.php(812): require()
#1 D:\localsites\aymericbdev\app\public\wp-includes\template.php(745): load_template('D:\\localsites\\a...', false, Array)
#2 D:\localsites\aymericbdev\app\public\wp-includes\general-template.php(206): locate_template(Array, true, false, Array)
#3 D:\localsites\aymericbdev\app\public\wp-content\themes\twentytwentyone-child\page-galerie.php(64): get_template_part('template_parts/...', '', Array)
#4 D:\localsites\aymericbdev\app\public\wp-includes\template-loader.php(106): include('D:\\localsites\\a...')
#5 D:\localsites\aymericbdev\app\public\wp-blog-header.php(19): require_once('D:\\localsites\\a...')
#6 D:\localsites\aymericbdev\app\public\index.php(17): require('D:\\localsites\\a...')
#7 {main}
  thrown in D:\localsites\aymericbdev\app\public\wp-content\themes\twentytwentyone-child\template_parts\photo_block.php on line 9
[13-Jan-2025 12:49:53 UTC] PHP Warning:  Attempt to read property "term_id" on array in D:\localsites\aymericbdev\app\public\wp-content\themes\twentytwentyone-child\page-galerie.php on line 27
[13-Jan-2025 12:49:53 UTC] PHP Warning:  Attempt to read property "name" on array in D:\localsites\aymericbdev\app\public\wp-content\themes\twentytwentyone-child\page-galerie.php on line 27
[13-Jan-2025 12:49:53 UTC] PHP Warning:  Attempt to read property "term_id" on array in D:\localsites\aymericbdev\app\public\wp-content\themes\twentytwentyone-child\page-galerie.php on line 27
[13-Jan-2025 12:49:53 UTC] PHP Warning:  Attempt to read property "name" on array in D:\localsites\aymericbdev\app\public\wp-content\themes\twentytwentyone-child\page-galerie.php on line 27
[13-Jan-2025 12:49:53 UTC] PHP Warning:  Attempt to read property "term_id" on array in D:\localsites\aymericbdev\app\public\wp-content\themes\twentytwentyone-child\page-galerie.php on line 40
[13-Jan-2025 12:49:53 UTC] PHP Warning:  Attempt to read property "name" on array in D:\localsites\aymericbdev\app\public\wp-content\themes\twentytwentyone-child\page-galerie.php on line 40
[13-Jan-2025 12:49:53 UTC] PHP Warning:  Attempt to read property "term_id" on array in D:\localsites\aymericbdev\app\public\wp-content\themes\twentytwentyone-child\page-galerie.php on line 40
[13-Jan-2025 12:49:53 UTC] PHP Warning:  Attempt to read property "name" on array in D:\localsites\aymericbdev\app\public\wp-content\themes\twentytwentyone-child\page-galerie.php on line 40
[13-Jan-2025 12:49:53 UTC] PHP Warning:  Undefined variable $pimage_id in D:\localsites\aymericbdev\app\public\wp-content\themes\twentytwentyone-child\template_parts\photo_block.php on line 6
[13-Jan-2025 12:49:53 UTC] PHP Fatal error:  Uncaught Error: Cannot use object of type WP_Error as array in D:\localsites\aymericbdev\app\public\wp-content\themes\twentytwentyone-child\template_parts\photo_block.php:9
Stack trace:
#0 D:\localsites\aymericbdev\app\public\wp-includes\template.php(812): require()
#1 D:\localsites\aymericbdev\app\public\wp-includes\template.php(745): load_template('D:\\localsites\\a...', false, Array)
#2 D:\localsites\aymericbdev\app\public\wp-includes\general-template.php(206): locate_template(Array, true, false, Array)
#3 D:\localsites\aymericbdev\app\public\wp-content\themes\twentytwentyone-child\page-galerie.php(64): get_template_part('template_parts/...', '', Array)
#4 D:\localsites\aymericbdev\app\public\wp-includes\template-loader.php(106): include('D:\\localsites\\a...')
#5 D:\localsites\aymericbdev\app\public\wp-blog-header.php(19): require_once('D:\\localsites\\a...')
#6 D:\localsites\aymericbdev\app\public\index.php(17): require('D:\\localsites\\a...')
#7 {main}
  thrown in D:\localsites\aymericbdev\app\public\wp-content\themes\twentytwentyone-child\template_parts\photo_block.php on line 9
[13-Jan-2025 12:57:10 UTC] PHP Warning:  Attempt to read property "term_id" on array in D:\localsites\aymericbdev\app\public\wp-content\themes\twentytwentyone-child\page-galerie.php on line 27
[13-Jan-2025 12:57:10 UTC] PHP Warning:  Attempt to read property "name" on array in D:\localsites\aymericbdev\app\public\wp-content\themes\twentytwentyone-child\page-galerie.php on line 27
[13-Jan-2025 12:57:10 UTC] PHP Warning:  Attempt to read property "term_id" on array in D:\localsites\aymericbdev\app\public\wp-content\themes\twentytwentyone-child\page-galerie.php on line 27
[13-Jan-2025 12:57:10 UTC] PHP Warning:  Attempt to read property "name" on array in D:\localsites\aymericbdev\app\public\wp-content\themes\twentytwentyone-child\page-galerie.php on line 27
[13-Jan-2025 12:57:10 UTC] PHP Warning:  Attempt to read property "term_id" on array in D:\localsites\aymericbdev\app\public\wp-content\themes\twentytwentyone-child\page-galerie.php on line 40
[13-Jan-2025 12:57:10 UTC] PHP Warning:  Attempt to read property "name" on array in D:\localsites\aymericbdev\app\public\wp-content\themes\twentytwentyone-child\page-galerie.php on line 40
[13-Jan-2025 12:57:10 UTC] PHP Warning:  Attempt to read property "term_id" on array in D:\localsites\aymericbdev\app\public\wp-content\themes\twentytwentyone-child\page-galerie.php on line 40
[13-Jan-2025 12:57:10 UTC] PHP Warning:  Attempt to read property "name" on array in D:\localsites\aymericbdev\app\public\wp-content\themes\twentytwentyone-child\page-galerie.php on line 40
[13-Jan-2025 12:57:10 UTC] PHP Warning:  Undefined variable $pimage_id in D:\localsites\aymericbdev\app\public\wp-content\themes\twentytwentyone-child\template_parts\photo_block.php on line 6
[13-Jan-2025 12:57:10 UTC] PHP Fatal error:  Uncaught Error: Cannot use object of type WP_Error as array in D:\localsites\aymericbdev\app\public\wp-content\themes\twentytwentyone-child\template_parts\photo_block.php:9
Stack trace:
#0 D:\localsites\aymericbdev\app\public\wp-includes\template.php(812): require()
#1 D:\localsites\aymericbdev\app\public\wp-includes\template.php(745): load_template('D:\\localsites\\a...', false, Array)
#2 D:\localsites\aymericbdev\app\public\wp-includes\general-template.php(206): locate_template(Array, true, false, Array)
#3 D:\localsites\aymericbdev\app\public\wp-content\themes\twentytwentyone-child\page-galerie.php(64): get_template_part('template_parts/...', '', Array)
#4 D:\localsites\aymericbdev\app\public\wp-includes\template-loader.php(106): include('D:\\localsites\\a...')
#5 D:\localsites\aymericbdev\app\public\wp-blog-header.php(19): require_once('D:\\localsites\\a...')
#6 D:\localsites\aymericbdev\app\public\index.php(17): require('D:\\localsites\\a...')
#7 {main}
  thrown in D:\localsites\aymericbdev\app\public\wp-content\themes\twentytwentyone-child\template_parts\photo_block.php on line 9
[13-Jan-2025 13:04:15 UTC] PHP Warning:  Attempt to read property "term_id" on array in D:\localsites\aymericbdev\app\public\wp-content\themes\twentytwentyone-child\page-galerie.php on line 27
[13-Jan-2025 13:04:15 UTC] PHP Warning:  Attempt to read property "name" on array in D:\localsites\aymericbdev\app\public\wp-content\themes\twentytwentyone-child\page-galerie.php on line 27
[13-Jan-2025 13:04:15 UTC] PHP Warning:  Attempt to read property "term_id" on array in D:\localsites\aymericbdev\app\public\wp-content\themes\twentytwentyone-child\page-galerie.php on line 27
[13-Jan-2025 13:04:15 UTC] PHP Warning:  Attempt to read property "name" on array in D:\localsites\aymericbdev\app\public\wp-content\themes\twentytwentyone-child\page-galerie.php on line 27
[13-Jan-2025 13:04:15 UTC] PHP Warning:  Attempt to read property "term_id" on array in D:\localsites\aymericbdev\app\public\wp-content\themes\twentytwentyone-child\page-galerie.php on line 40
[13-Jan-2025 13:04:15 UTC] PHP Warning:  Attempt to read property "name" on array in D:\localsites\aymericbdev\app\public\wp-content\themes\twentytwentyone-child\page-galerie.php on line 40
[13-Jan-2025 13:04:15 UTC] PHP Warning:  Attempt to read property "term_id" on array in D:\localsites\aymericbdev\app\public\wp-content\themes\twentytwentyone-child\page-galerie.php on line 40
[13-Jan-2025 13:04:15 UTC] PHP Warning:  Attempt to read property "name" on array in D:\localsites\aymericbdev\app\public\wp-content\themes\twentytwentyone-child\page-galerie.php on line 40
[13-Jan-2025 13:05:43 UTC] PHP Warning:  Attempt to read property "term_id" on array in D:\localsites\aymericbdev\app\public\wp-content\themes\twentytwentyone-child\page-galerie.php on line 27
[13-Jan-2025 13:05:43 UTC] PHP Warning:  Attempt to read property "name" on array in D:\localsites\aymericbdev\app\public\wp-content\themes\twentytwentyone-child\page-galerie.php on line 27
[13-Jan-2025 13:05:43 UTC] PHP Warning:  Attempt to read property "term_id" on array in D:\localsites\aymericbdev\app\public\wp-content\themes\twentytwentyone-child\page-galerie.php on line 27
[13-Jan-2025 13:05:43 UTC] PHP Warning:  Attempt to read property "name" on array in D:\localsites\aymericbdev\app\public\wp-content\themes\twentytwentyone-child\page-galerie.php on line 27
[13-Jan-2025 13:05:43 UTC] PHP Warning:  Attempt to read property "term_id" on array in D:\localsites\aymericbdev\app\public\wp-content\themes\twentytwentyone-child\page-galerie.php on line 40
[13-Jan-2025 13:05:43 UTC] PHP Warning:  Attempt to read property "name" on array in D:\localsites\aymericbdev\app\public\wp-content\themes\twentytwentyone-child\page-galerie.php on line 40
[13-Jan-2025 13:05:43 UTC] PHP Warning:  Attempt to read property "term_id" on array in D:\localsites\aymericbdev\app\public\wp-content\themes\twentytwentyone-child\page-galerie.php on line 40
[13-Jan-2025 13:05:43 UTC] PHP Warning:  Attempt to read property "name" on array in D:\localsites\aymericbdev\app\public\wp-content\themes\twentytwentyone-child\page-galerie.php on line 40
[13-Jan-2025 13:06:57 UTC] PHP Warning:  Attempt to read property "term_id" on array in D:\localsites\aymericbdev\app\public\wp-content\themes\twentytwentyone-child\page-galerie.php on line 40
[13-Jan-2025 13:06:57 UTC] PHP Warning:  Attempt to read property "name" on array in D:\localsites\aymericbdev\app\public\wp-content\themes\twentytwentyone-child\page-galerie.php on line 40
[13-Jan-2025 13:06:57 UTC] PHP Warning:  Attempt to read property "term_id" on array in D:\localsites\aymericbdev\app\public\wp-content\themes\twentytwentyone-child\page-galerie.php on line 40
[13-Jan-2025 13:06:57 UTC] PHP Warning:  Attempt to read property "name" on array in D:\localsites\aymericbdev\app\public\wp-content\themes\twentytwentyone-child\page-galerie.php on line 40
[13-Jan-2025 13:08:27 UTC] PHP Warning:  Attempt to read property "term_id" on array in D:\localsites\aymericbdev\app\public\wp-content\themes\twentytwentyone-child\page-galerie.php on line 40
[13-Jan-2025 13:08:27 UTC] PHP Warning:  Attempt to read property "name" on array in D:\localsites\aymericbdev\app\public\wp-content\themes\twentytwentyone-child\page-galerie.php on line 40
[13-Jan-2025 13:08:27 UTC] PHP Warning:  Attempt to read property "term_id" on array in D:\localsites\aymericbdev\app\public\wp-content\themes\twentytwentyone-child\page-galerie.php on line 40
[13-Jan-2025 13:08:27 UTC] PHP Warning:  Attempt to read property "name" on array in D:\localsites\aymericbdev\app\public\wp-content\themes\twentytwentyone-child\page-galerie.php on line 40
[13-Jan-2025 13:09:11 UTC] PHP Warning:  Attempt to read property "term_id" on array in D:\localsites\aymericbdev\app\public\wp-content\themes\twentytwentyone-child\page-galerie.php on line 40
[13-Jan-2025 13:09:11 UTC] PHP Warning:  Attempt to read property "name" on array in D:\localsites\aymericbdev\app\public\wp-content\themes\twentytwentyone-child\page-galerie.php on line 40
[13-Jan-2025 13:09:11 UTC] PHP Warning:  Attempt to read property "term_id" on array in D:\localsites\aymericbdev\app\public\wp-content\themes\twentytwentyone-child\page-galerie.php on line 40
[13-Jan-2025 13:09:11 UTC] PHP Warning:  Attempt to read property "name" on array in D:\localsites\aymericbdev\app\public\wp-content\themes\twentytwentyone-child\page-galerie.php on line 40
[13-Jan-2025 13:11:25 UTC] PHP Warning:  Attempt to read property "term_id" on array in D:\localsites\aymericbdev\app\public\wp-content\themes\twentytwentyone-child\page-galerie.php on line 40
[13-Jan-2025 13:11:25 UTC] PHP Warning:  Attempt to read property "name" on array in D:\localsites\aymericbdev\app\public\wp-content\themes\twentytwentyone-child\page-galerie.php on line 40
[13-Jan-2025 13:11:25 UTC] PHP Warning:  Attempt to read property "term_id" on array in D:\localsites\aymericbdev\app\public\wp-content\themes\twentytwentyone-child\page-galerie.php on line 40
[13-Jan-2025 13:11:25 UTC] PHP Warning:  Attempt to read property "name" on array in D:\localsites\aymericbdev\app\public\wp-content\themes\twentytwentyone-child\page-galerie.php on line 40
[13-Jan-2025 13:12:39 UTC] PHP Warning:  Attempt to read property "term_id" on array in D:\localsites\aymericbdev\app\public\wp-content\themes\twentytwentyone-child\page-galerie.php on line 40
[13-Jan-2025 13:12:39 UTC] PHP Warning:  Attempt to read property "name" on array in D:\localsites\aymericbdev\app\public\wp-content\themes\twentytwentyone-child\page-galerie.php on line 40
[13-Jan-2025 13:12:39 UTC] PHP Warning:  Attempt to read property "term_id" on array in D:\localsites\aymericbdev\app\public\wp-content\themes\twentytwentyone-child\page-galerie.php on line 40
[13-Jan-2025 13:12:39 UTC] PHP Warning:  Attempt to read property "name" on array in D:\localsites\aymericbdev\app\public\wp-content\themes\twentytwentyone-child\page-galerie.php on line 40
[13-Jan-2025 13:15:07 UTC] PHP Warning:  Attempt to read property "term_id" on array in D:\localsites\aymericbdev\app\public\wp-content\themes\twentytwentyone-child\page-galerie.php on line 40
[13-Jan-2025 13:15:07 UTC] PHP Warning:  Attempt to read property "name" on array in D:\localsites\aymericbdev\app\public\wp-content\themes\twentytwentyone-child\page-galerie.php on line 40
[13-Jan-2025 13:15:07 UTC] PHP Warning:  Attempt to read property "term_id" on array in D:\localsites\aymericbdev\app\public\wp-content\themes\twentytwentyone-child\page-galerie.php on line 40
[13-Jan-2025 13:15:07 UTC] PHP Warning:  Attempt to read property "name" on array in D:\localsites\aymericbdev\app\public\wp-content\themes\twentytwentyone-child\page-galerie.php on line 40
[13-Jan-2025 13:15:25 UTC] PHP Warning:  Attempt to read property "term_id" on array in D:\localsites\aymericbdev\app\public\wp-content\themes\twentytwentyone-child\page-galerie.php on line 40
[13-Jan-2025 13:15:25 UTC] PHP Warning:  Attempt to read property "name" on array in D:\localsites\aymericbdev\app\public\wp-content\themes\twentytwentyone-child\page-galerie.php on line 40
[13-Jan-2025 13:15:25 UTC] PHP Warning:  Attempt to read property "term_id" on array in D:\localsites\aymericbdev\app\public\wp-content\themes\twentytwentyone-child\page-galerie.php on line 40
[13-Jan-2025 13:15:25 UTC] PHP Warning:  Attempt to read property "name" on array in D:\localsites\aymericbdev\app\public\wp-content\themes\twentytwentyone-child\page-galerie.php on line 40
[13-Jan-2025 13:20:03 UTC] PHP Warning:  Attempt to read property "term_id" on array in D:\localsites\aymericbdev\app\public\wp-content\themes\twentytwentyone-child\page-galerie.php on line 40
[13-Jan-2025 13:20:03 UTC] PHP Warning:  Attempt to read property "name" on array in D:\localsites\aymericbdev\app\public\wp-content\themes\twentytwentyone-child\page-galerie.php on line 40
[13-Jan-2025 13:20:03 UTC] PHP Warning:  Attempt to read property "term_id" on array in D:\localsites\aymericbdev\app\public\wp-content\themes\twentytwentyone-child\page-galerie.php on line 40
[13-Jan-2025 13:20:03 UTC] PHP Warning:  Attempt to read property "name" on array in D:\localsites\aymericbdev\app\public\wp-content\themes\twentytwentyone-child\page-galerie.php on line 40
[13-Jan-2025 13:20:23 UTC] PHP Warning:  Attempt to read property "term_id" on array in D:\localsites\aymericbdev\app\public\wp-content\themes\twentytwentyone-child\page-galerie.php on line 40
[13-Jan-2025 13:20:23 UTC] PHP Warning:  Attempt to read property "name" on array in D:\localsites\aymericbdev\app\public\wp-content\themes\twentytwentyone-child\page-galerie.php on line 40
[13-Jan-2025 13:20:23 UTC] PHP Warning:  Attempt to read property "term_id" on array in D:\localsites\aymericbdev\app\public\wp-content\themes\twentytwentyone-child\page-galerie.php on line 40
[13-Jan-2025 13:20:23 UTC] PHP Warning:  Attempt to read property "name" on array in D:\localsites\aymericbdev\app\public\wp-content\themes\twentytwentyone-child\page-galerie.php on line 40
[13-Jan-2025 13:29:39 UTC] PHP Warning:  Attempt to read property "term_id" on array in D:\localsites\aymericbdev\app\public\wp-content\themes\twentytwentyone-child\page-galerie.php on line 40
[13-Jan-2025 13:29:39 UTC] PHP Warning:  Attempt to read property "name" on array in D:\localsites\aymericbdev\app\public\wp-content\themes\twentytwentyone-child\page-galerie.php on line 40
[13-Jan-2025 13:29:39 UTC] PHP Warning:  Attempt to read property "term_id" on array in D:\localsites\aymericbdev\app\public\wp-content\themes\twentytwentyone-child\page-galerie.php on line 40
[13-Jan-2025 13:29:39 UTC] PHP Warning:  Attempt to read property "name" on array in D:\localsites\aymericbdev\app\public\wp-content\themes\twentytwentyone-child\page-galerie.php on line 40
[13-Jan-2025 13:30:03 UTC] PHP Warning:  Attempt to read property "term_id" on array in D:\localsites\aymericbdev\app\public\wp-content\themes\twentytwentyone-child\page-galerie.php on line 40
[13-Jan-2025 13:30:03 UTC] PHP Warning:  Attempt to read property "name" on array in D:\localsites\aymericbdev\app\public\wp-content\themes\twentytwentyone-child\page-galerie.php on line 40
[13-Jan-2025 13:30:03 UTC] PHP Warning:  Attempt to read property "term_id" on array in D:\localsites\aymericbdev\app\public\wp-content\themes\twentytwentyone-child\page-galerie.php on line 40
[13-Jan-2025 13:30:03 UTC] PHP Warning:  Attempt to read property "name" on array in D:\localsites\aymericbdev\app\public\wp-content\themes\twentytwentyone-child\page-galerie.php on line 40
[13-Jan-2025 13:30:17 UTC] PHP Warning:  Attempt to read property "term_id" on array in D:\localsites\aymericbdev\app\public\wp-content\themes\twentytwentyone-child\page-galerie.php on line 40
[13-Jan-2025 13:30:17 UTC] PHP Warning:  Attempt to read property "name" on array in D:\localsites\aymericbdev\app\public\wp-content\themes\twentytwentyone-child\page-galerie.php on line 40
[13-Jan-2025 13:30:17 UTC] PHP Warning:  Attempt to read property "term_id" on array in D:\localsites\aymericbdev\app\public\wp-content\themes\twentytwentyone-child\page-galerie.php on line 40
[13-Jan-2025 13:30:17 UTC] PHP Warning:  Attempt to read property "name" on array in D:\localsites\aymericbdev\app\public\wp-content\themes\twentytwentyone-child\page-galerie.php on line 40
[13-Jan-2025 13:43:47 UTC] PHP Warning:  Attempt to read property "term_id" on array in D:\localsites\aymericbdev\app\public\wp-content\themes\twentytwentyone-child\page-galerie.php on line 40
[13-Jan-2025 13:43:47 UTC] PHP Warning:  Attempt to read property "name" on array in D:\localsites\aymericbdev\app\public\wp-content\themes\twentytwentyone-child\page-galerie.php on line 40
[13-Jan-2025 13:43:47 UTC] PHP Warning:  Attempt to read property "term_id" on array in D:\localsites\aymericbdev\app\public\wp-content\themes\twentytwentyone-child\page-galerie.php on line 40
[13-Jan-2025 13:43:47 UTC] PHP Warning:  Attempt to read property "name" on array in D:\localsites\aymericbdev\app\public\wp-content\themes\twentytwentyone-child\page-galerie.php on line 40
[13-Jan-2025 13:44:19 UTC] PHP Warning:  Attempt to read property "term_id" on array in D:\localsites\aymericbdev\app\public\wp-content\themes\twentytwentyone-child\page-galerie.php on line 40
[13-Jan-2025 13:44:19 UTC] PHP Warning:  Attempt to read property "name" on array in D:\localsites\aymericbdev\app\public\wp-content\themes\twentytwentyone-child\page-galerie.php on line 40
[13-Jan-2025 13:44:19 UTC] PHP Warning:  Attempt to read property "term_id" on array in D:\localsites\aymericbdev\app\public\wp-content\themes\twentytwentyone-child\page-galerie.php on line 40
[13-Jan-2025 13:44:19 UTC] PHP Warning:  Attempt to read property "name" on array in D:\localsites\aymericbdev\app\public\wp-content\themes\twentytwentyone-child\page-galerie.php on line 40
[13-Jan-2025 13:46:05 UTC] PHP Warning:  Attempt to read property "term_id" on array in D:\localsites\aymericbdev\app\public\wp-content\themes\twentytwentyone-child\page-galerie.php on line 40
[13-Jan-2025 13:46:05 UTC] PHP Warning:  Attempt to read property "name" on array in D:\localsites\aymericbdev\app\public\wp-content\themes\twentytwentyone-child\page-galerie.php on line 40
[13-Jan-2025 13:46:05 UTC] PHP Warning:  Attempt to read property "term_id" on array in D:\localsites\aymericbdev\app\public\wp-content\themes\twentytwentyone-child\page-galerie.php on line 40
[13-Jan-2025 13:46:05 UTC] PHP Warning:  Attempt to read property "name" on array in D:\localsites\aymericbdev\app\public\wp-content\themes\twentytwentyone-child\page-galerie.php on line 40
[13-Jan-2025 13:47:19 UTC] PHP Warning:  Attempt to read property "term_id" on array in D:\localsites\aymericbdev\app\public\wp-content\themes\twentytwentyone-child\page-galerie.php on line 40
[13-Jan-2025 13:47:19 UTC] PHP Warning:  Attempt to read property "name" on array in D:\localsites\aymericbdev\app\public\wp-content\themes\twentytwentyone-child\page-galerie.php on line 40
[13-Jan-2025 13:47:19 UTC] PHP Warning:  Attempt to read property "term_id" on array in D:\localsites\aymericbdev\app\public\wp-content\themes\twentytwentyone-child\page-galerie.php on line 40
[13-Jan-2025 13:47:19 UTC] PHP Warning:  Attempt to read property "name" on array in D:\localsites\aymericbdev\app\public\wp-content\themes\twentytwentyone-child\page-galerie.php on line 40
[13-Jan-2025 13:47:32 UTC] PHP Warning:  Attempt to read property "term_id" on array in D:\localsites\aymericbdev\app\public\wp-content\themes\twentytwentyone-child\page-galerie.php on line 40
[13-Jan-2025 13:47:32 UTC] PHP Warning:  Attempt to read property "name" on array in D:\localsites\aymericbdev\app\public\wp-content\themes\twentytwentyone-child\page-galerie.php on line 40
[13-Jan-2025 13:47:32 UTC] PHP Warning:  Attempt to read property "term_id" on array in D:\localsites\aymericbdev\app\public\wp-content\themes\twentytwentyone-child\page-galerie.php on line 40
[13-Jan-2025 13:47:32 UTC] PHP Warning:  Attempt to read property "name" on array in D:\localsites\aymericbdev\app\public\wp-content\themes\twentytwentyone-child\page-galerie.php on line 40
[13-Jan-2025 13:47:34 UTC] PHP Warning:  Attempt to read property "term_id" on array in D:\localsites\aymericbdev\app\public\wp-content\themes\twentytwentyone-child\page-galerie.php on line 40
[13-Jan-2025 13:47:34 UTC] PHP Warning:  Attempt to read property "name" on array in D:\localsites\aymericbdev\app\public\wp-content\themes\twentytwentyone-child\page-galerie.php on line 40
[13-Jan-2025 13:47:34 UTC] PHP Warning:  Attempt to read property "term_id" on array in D:\localsites\aymericbdev\app\public\wp-content\themes\twentytwentyone-child\page-galerie.php on line 40
[13-Jan-2025 13:47:34 UTC] PHP Warning:  Attempt to read property "name" on array in D:\localsites\aymericbdev\app\public\wp-content\themes\twentytwentyone-child\page-galerie.php on line 40
[13-Jan-2025 13:49:38 UTC] PHP Warning:  Attempt to read property "term_id" on array in D:\localsites\aymericbdev\app\public\wp-content\themes\twentytwentyone-child\page-galerie.php on line 40
[13-Jan-2025 13:49:38 UTC] PHP Warning:  Attempt to read property "name" on array in D:\localsites\aymericbdev\app\public\wp-content\themes\twentytwentyone-child\page-galerie.php on line 40
[13-Jan-2025 13:49:38 UTC] PHP Warning:  Attempt to read property "term_id" on array in D:\localsites\aymericbdev\app\public\wp-content\themes\twentytwentyone-child\page-galerie.php on line 40
[13-Jan-2025 13:49:38 UTC] PHP Warning:  Attempt to read property "name" on array in D:\localsites\aymericbdev\app\public\wp-content\themes\twentytwentyone-child\page-galerie.php on line 40
[13-Jan-2025 13:58:22 UTC] PHP Warning:  Attempt to read property "term_id" on array in D:\localsites\aymericbdev\app\public\wp-content\themes\twentytwentyone-child\page-galerie.php on line 40
[13-Jan-2025 13:58:22 UTC] PHP Warning:  Attempt to read property "name" on array in D:\localsites\aymericbdev\app\public\wp-content\themes\twentytwentyone-child\page-galerie.php on line 40
[13-Jan-2025 13:58:22 UTC] PHP Warning:  Attempt to read property "term_id" on array in D:\localsites\aymericbdev\app\public\wp-content\themes\twentytwentyone-child\page-galerie.php on line 40
[13-Jan-2025 13:58:22 UTC] PHP Warning:  Attempt to read property "name" on array in D:\localsites\aymericbdev\app\public\wp-content\themes\twentytwentyone-child\page-galerie.php on line 40
[13-Jan-2025 13:58:35 UTC] PHP Warning:  Attempt to read property "term_id" on array in D:\localsites\aymericbdev\app\public\wp-content\themes\twentytwentyone-child\page-galerie.php on line 40
[13-Jan-2025 13:58:35 UTC] PHP Warning:  Attempt to read property "name" on array in D:\localsites\aymericbdev\app\public\wp-content\themes\twentytwentyone-child\page-galerie.php on line 40
[13-Jan-2025 13:58:35 UTC] PHP Warning:  Attempt to read property "term_id" on array in D:\localsites\aymericbdev\app\public\wp-content\themes\twentytwentyone-child\page-galerie.php on line 40
[13-Jan-2025 13:58:35 UTC] PHP Warning:  Attempt to read property "name" on array in D:\localsites\aymericbdev\app\public\wp-content\themes\twentytwentyone-child\page-galerie.php on line 40
[13-Jan-2025 14:01:50 UTC] PHP Warning:  Attempt to read property "term_id" on array in D:\localsites\aymericbdev\app\public\wp-content\themes\twentytwentyone-child\page-galerie.php on line 40
[13-Jan-2025 14:01:50 UTC] PHP Warning:  Attempt to read property "name" on array in D:\localsites\aymericbdev\app\public\wp-content\themes\twentytwentyone-child\page-galerie.php on line 40
[13-Jan-2025 14:01:50 UTC] PHP Warning:  Attempt to read property "term_id" on array in D:\localsites\aymericbdev\app\public\wp-content\themes\twentytwentyone-child\page-galerie.php on line 40
[13-Jan-2025 14:01:50 UTC] PHP Warning:  Attempt to read property "name" on array in D:\localsites\aymericbdev\app\public\wp-content\themes\twentytwentyone-child\page-galerie.php on line 40
[13-Jan-2025 14:02:19 UTC] PHP Warning:  Attempt to read property "term_id" on array in D:\localsites\aymericbdev\app\public\wp-content\themes\twentytwentyone-child\page-galerie.php on line 40
[13-Jan-2025 14:02:19 UTC] PHP Warning:  Attempt to read property "name" on array in D:\localsites\aymericbdev\app\public\wp-content\themes\twentytwentyone-child\page-galerie.php on line 40
[13-Jan-2025 14:02:19 UTC] PHP Warning:  Attempt to read property "term_id" on array in D:\localsites\aymericbdev\app\public\wp-content\themes\twentytwentyone-child\page-galerie.php on line 40
[13-Jan-2025 14:02:19 UTC] PHP Warning:  Attempt to read property "name" on array in D:\localsites\aymericbdev\app\public\wp-content\themes\twentytwentyone-child\page-galerie.php on line 40
[13-Jan-2025 14:17:51 UTC] PHP Warning:  Attempt to read property "term_id" on array in D:\localsites\aymericbdev\app\public\wp-content\themes\twentytwentyone-child\page-galerie.php on line 40
[13-Jan-2025 14:17:51 UTC] PHP Warning:  Attempt to read property "name" on array in D:\localsites\aymericbdev\app\public\wp-content\themes\twentytwentyone-child\page-galerie.php on line 40
[13-Jan-2025 14:17:51 UTC] PHP Warning:  Attempt to read property "term_id" on array in D:\localsites\aymericbdev\app\public\wp-content\themes\twentytwentyone-child\page-galerie.php on line 40
[13-Jan-2025 14:17:51 UTC] PHP Warning:  Attempt to read property "name" on array in D:\localsites\aymericbdev\app\public\wp-content\themes\twentytwentyone-child\page-galerie.php on line 40
[13-Jan-2025 14:23:29 UTC] PHP Warning:  Attempt to read property "term_id" on array in D:\localsites\aymericbdev\app\public\wp-content\themes\twentytwentyone-child\page-galerie.php on line 40
[13-Jan-2025 14:23:29 UTC] PHP Warning:  Attempt to read property "name" on array in D:\localsites\aymericbdev\app\public\wp-content\themes\twentytwentyone-child\page-galerie.php on line 40
[13-Jan-2025 14:23:29 UTC] PHP Warning:  Attempt to read property "term_id" on array in D:\localsites\aymericbdev\app\public\wp-content\themes\twentytwentyone-child\page-galerie.php on line 40
[13-Jan-2025 14:23:29 UTC] PHP Warning:  Attempt to read property "name" on array in D:\localsites\aymericbdev\app\public\wp-content\themes\twentytwentyone-child\page-galerie.php on line 40
